c:\users\ydl74\downloads\mkl_test\mkl_test\cpp_dll\x64\debug\cpp_dll.pch
c:\users\ydl74\downloads\mkl_test\mkl_test\cpp_dll\x64\debug\vc142.pdb
c:\users\ydl74\downloads\mkl_test\mkl_test\cpp_dll\x64\debug\vc142.idb
c:\users\ydl74\downloads\mkl_test\mkl_test\cpp_dll\x64\debug\pch.obj
c:\users\ydl74\downloads\mkl_test\mkl_test\cpp_dll\x64\debug\vm_mkl.obj
c:\users\ydl74\downloads\mkl_test\mkl_test\cpp_dll\x64\debug\dllmain.obj
c:\users\ydl74\downloads\mkl_test\mkl_test\x64\debug\cpp_dll.lib
c:\users\ydl74\downloads\mkl_test\mkl_test\x64\debug\cpp_dll.exp
c:\users\ydl74\downloads\mkl_test\mkl_test\cpp_dll\x64\debug\cpp_dll.ilk
c:\users\ydl74\downloads\mkl_test\mkl_test\x64\debug\cpp_dll.dll
c:\users\ydl74\downloads\mkl_test\mkl_test\x64\debug\cpp_dll.pdb
c:\users\ydl74\source\repos\lab3_c#_v3\cpp_dll\x64\debug\dllmain.obj
c:\users\ydl74\source\repos\lab3_c#_v3\cpp_dll\x64\debug\pch.obj
c:\users\ydl74\source\repos\lab3_c#_v3\cpp_dll\x64\debug\vm_mkl.obj
c:\users\ydl74\source\repos\lab3_c#_v3\cpp_dll\x64\debug\cpp_dll.ilk
c:\users\ydl74\source\repos\lab3_c#_v3\cpp_dll\x64\debug\cpp_dll.pch
c:\users\ydl74\source\repos\lab3_c#_v3\cpp_dll\x64\debug\vc142.idb
c:\users\ydl74\source\repos\lab3_c#_v3\cpp_dll\x64\debug\vc142.pdb
c:\users\ydl74\source\repos\lab3_c#_v3\cpp_dll\x64\debug\cpp_dll.tlog\cl.command.1.tlog
c:\users\ydl74\source\repos\lab3_c#_v3\cpp_dll\x64\debug\cpp_dll.tlog\cl.read.1.tlog
c:\users\ydl74\source\repos\lab3_c#_v3\cpp_dll\x64\debug\cpp_dll.tlog\cl.write.1.tlog
c:\users\ydl74\source\repos\lab3_c#_v3\cpp_dll\x64\debug\cpp_dll.tlog\cpp_dll.write.1u.tlog
c:\users\ydl74\source\repos\lab3_c#_v3\cpp_dll\x64\debug\cpp_dll.tlog\link.command.1.tlog
c:\users\ydl74\source\repos\lab3_c#_v3\cpp_dll\x64\debug\cpp_dll.tlog\link.read.1.tlog
c:\users\ydl74\source\repos\lab3_c#_v3\cpp_dll\x64\debug\cpp_dll.tlog\link.write.1.tlog
